Determining if the pthread_create exist failed with the following output:
Change Dir: /root/ros/cartographer_ws/build_isolated/cartographer/install/CMakeFiles/CMakeTmp

Run Build Command:"/usr/bin/ninja" "cmTC_c9689"
[1/2] Building C object CMakeFiles/cmTC_c9689.dir/CheckSymbolExists.c.o
[2/2] Linking C executable cmTC_c9689
FAILED: : && /usr/bin/cc     CMakeFiles/cmTC_c9689.dir/CheckSymbolExists.c.o  -o cmTC_c9689  -rdynamic && :
CMakeFiles/cmTC_c9689.dir/CheckSymbolExists.c.o: In function `main':
CheckSymbolExists.c:(.text+0x16): undefined reference to `pthread_create'
collect2: error: ld returned 1 exit status
ninja: build stopped: subcommand failed.

File /root/ros/cartographer_ws/build_isolated/cartographer/install/CMakeFiles/CMakeTmp/CheckSymbolExists.c:
/* */
#include <pthread.h>

int main(int argc, char** argv)
{
  (void)argv;
#ifndef pthread_create
  return ((int*)(&pthread_create))[argc];
#else
  (void)argc;
  return 0;
#endif
}

Determining if the function pthread_create exists in the pthreads failed with the following output:
Change Dir: /root/ros/cartographer_ws/build_isolated/cartographer/install/CMakeFiles/CMakeTmp

Run Build Command:"/usr/bin/ninja" "cmTC_9acbb"
[1/2] Building C object CMakeFiles/cmTC_9acbb.dir/CheckFunctionExists.c.o
[2/2] Linking C executable cmTC_9acbb
FAILED: : && /usr/bin/cc  -DCHECK_FUNCTION_EXISTS=pthread_create   CMakeFiles/cmTC_9acbb.dir/CheckFunctionExists.c.o  -o cmTC_9acbb  -rdynamic -lpthreads && :
/usr/bin/ld: cannot find -lpthreads
collect2: error: ld returned 1 exit status
ninja: build stopped: subcommand failed.


