Determining if the pthread_create exist failed with the following output:
Change Dir: /root/ros/cartographer_ws/build_isolated/cartographer_ros_msgs/CMakeFiles/CMakeTmp

Run Build Command:"/usr/bin/ninja" "cmTC_75929"
[1/2] Building C object CMakeFiles/cmTC_75929.dir/CheckSymbolExists.c.o
[2/2] Linking C executable cmTC_75929
FAILED: : && /usr/bin/cc     CMakeFiles/cmTC_75929.dir/CheckSymbolExists.c.o  -o cmTC_75929  -rdynamic && :
CMakeFiles/cmTC_75929.dir/CheckSymbolExists.c.o: In function `main':
CheckSymbolExists.c:(.text+0x16): undefined reference to `pthread_create'
collect2: error: ld returned 1 exit status
ninja: build stopped: subcommand failed.

File /root/ros/cartographer_ws/build_isolated/cartographer_ros_msgs/CMakeFiles/CMakeTmp/CheckSymbolExists.c:
/* */
#include <pthread.h>

int main(int argc, char** argv)
{
  (void)argv;
#ifndef pthread_create
  return ((int*)(&pthread_create))[argc];
#else
  (void)argc;
  return 0;
#endif
}

Determining if the function pthread_create exists in the pthreads failed with the following output:
Change Dir: /root/ros/cartographer_ws/build_isolated/cartographer_ros_msgs/CMakeFiles/CMakeTmp

Run Build Command:"/usr/bin/ninja" "cmTC_e4218"
[1/2] Building C object CMakeFiles/cmTC_e4218.dir/CheckFunctionExists.c.o
[2/2] Linking C executable cmTC_e4218
FAILED: : && /usr/bin/cc  -DCHECK_FUNCTION_EXISTS=pthread_create   CMakeFiles/cmTC_e4218.dir/CheckFunctionExists.c.o  -o cmTC_e4218  -rdynamic -lpthreads && :
/usr/bin/ld: cannot find -lpthreads
collect2: error: ld returned 1 exit status
ninja: build stopped: subcommand failed.


