Determining if the pthread_create exist failed with the following output:
Change Dir: /root/ros/cartographer_ws/build_isolated/cartographer_ros/CMakeFiles/CMakeTmp

Run Build Command:"/usr/bin/ninja" "cmTC_962ee"
[1/2] Building C object CMakeFiles/cmTC_962ee.dir/CheckSymbolExists.c.o
[2/2] Linking C executable cmTC_962ee
FAILED: : && /usr/bin/cc     CMakeFiles/cmTC_962ee.dir/CheckSymbolExists.c.o  -o cmTC_962ee  -rdynamic && :
CMakeFiles/cmTC_962ee.dir/CheckSymbolExists.c.o: In function `main':
CheckSymbolExists.c:(.text+0x16): undefined reference to `pthread_create'
collect2: error: ld returned 1 exit status
ninja: build stopped: subcommand failed.

File /root/ros/cartographer_ws/build_isolated/cartographer_ros/CMakeFiles/CMakeTmp/CheckSymbolExists.c:
/* */
#include <pthread.h>

int main(int argc, char** argv)
{
  (void)argv;
#ifndef pthread_create
  return ((int*)(&pthread_create))[argc];
#else
  (void)argc;
  return 0;
#endif
}

Determining if the function pthread_create exists in the pthreads failed with the following output:
Change Dir: /root/ros/cartographer_ws/build_isolated/cartographer_ros/CMakeFiles/CMakeTmp

Run Build Command:"/usr/bin/ninja" "cmTC_f88b0"
[1/2] Building C object CMakeFiles/cmTC_f88b0.dir/CheckFunctionExists.c.o
[2/2] Linking C executable cmTC_f88b0
FAILED: : && /usr/bin/cc  -DCHECK_FUNCTION_EXISTS=pthread_create   CMakeFiles/cmTC_f88b0.dir/CheckFunctionExists.c.o  -o cmTC_f88b0  -rdynamic -lpthreads && :
/usr/bin/ld: cannot find -lpthreads
collect2: error: ld returned 1 exit status
ninja: build stopped: subcommand failed.


